[www.jaro.io/index.html]
[backblue.gif]
[fade.gif]
[index.html]
[assets.website-files.com/5e0f6cce946b126508a0d575/css/jaroio.081eb5b86.min.css]
[assets.website-files.com/5e0f6cce946b126508a0d575/5fb4556cfc914f2fcf1777a0_favicon.png]
[assets.website-files.com/5e0f6cce946b126508a0d575/5fb45572fc914f53da1777bb_webclip.png]
[www.jaro.io/menu.html]
[www.jaro.io/legal/privacy.html]
[www.jaro.io/about.html]
[www.jaro.io/projects/sos-foods.html]
[www.jaro.io/projects/kayam.html]
[www.jaro.io/projects/takt1.html]
[www.jaro.io/projects/lead.html]
[www.jaro.io/projects/watchbox.html]
[www.jaro.io/contact.html]
[www.jaro.io/projects.html]
[www.jaro.io/legal/site-info.html]
[www.jaro.io/legal/terms-conditions.html]
[d3e54v103j8qbb.cloudfront.net/js/jquery-3.5.1.min.dc5e7f18c8a955.js]
[assets.website-files.com/5e0f6cce946b126508a0d575/js/jaroio.df6692ecd.js]
[dev.jaro.io/jaro/dist/upgrade.min.js]
[www.jaro.io/index.html]
[assets.website-files.com/5e0f6cce946b126508a0d575/css/jaroio.081eb5b86.min.css]
[www.googletagmanager.com/gtm5445.html]
[www.jaro.io/menu.html]
[www.jaro.io/legal/privacy.html]
[assets.website-files.com/5e0f6cce946b126508a0d575/5f6632ee2c6eefb9004255fa_moi.jpg]
[www.jaro.io/about.html]
[dev.jaro.io/jaro/dist/app.min.js]
[assets.website-files.com/5e0f6cce946b1267aba0d581/60b28677bb7cc647b74afd82_cover.jpg]
[assets.website-files.com/5e0f6cce946b126508a0d575/60c146b32dfa42a7388d0558_product_b_baharat.jpg]
[assets.website-files.com/5e0f6cce946b126508a0d575/60c146b3d6b63a118731d81a_product_c_zatar.jpg]
[assets.website-files.com/5e0f6cce946b126508a0d575/60c146b3f8621914806294ae_product_d_paprika.jpg]
[assets.website-files.com/5e0f6cce946b126508a0d575/60c146b3d6b63a24cc31d81b_product_e_fennel.jpg]
[assets.website-files.com/5e0f6cce946b126508a0d575/60c146b36b236bc03ca6ac78_product_f_chili.jpg]
[assets.website-files.com/5e0f6cce946b126508a0d575/60c146b3e1076535ad0990e6_product_g_bayleaves.jpg]
[assets.website-files.com/5e0f6cce946b126508a0d575/60c146b3ed59b8f72d653b37_product_a_coriander.jpg]
[assets.website-files.com/5e0f6cce946b126508a0d575/60b2a1919d53e408419a3d8d_region.jpg]
[assets.website-files.com/5e0f6cce946b126508a0d575/60b2855d49c495e7e7f54a67_002_chili_plate.jpg]
[assets.website-files.com/5e0f6cce946b126508a0d575/60b2855d0df5e911ae224ff3_005_zatar_plate.jpg]
[assets.website-files.com/5e0f6cce946b126508a0d575/60b2855d8a49697a6cbaab01_006_baharat_plate.jpg]
[assets.website-files.com/5e0f6cce946b126508a0d575/60b2855d67986c47f9d15950_003_fennel_plate.jpg]
[assets.website-files.com/5e0f6cce946b126508a0d575/60b2879e80e8c670bf417f29_008_coriander_large.jpg]
[assets.website-files.com/5e0f6cce946b126508a0d575/60b2879e57e59b72503ebc12_007_cumin_large.jpg]
[assets.website-files.com/5e0f6cce946b126508a0d575/60b2879eea9482f7a34c1442_006_baharat_large.jpg]
[assets.website-files.com/5e0f6cce946b126508a0d575/60b2879e6ec9b0eef3df8aba_005_zatar_large.jpg]
[assets.website-files.com/5e0f6cce946b126508a0d575/60b2879ee1947a256a81d635_004_paprika_large.jpg]
[assets.website-files.com/5e0f6cce946b126508a0d575/60b2879e80e8c68666417f28_003_fennel_large.jpg]
[assets.website-files.com/5e0f6cce946b1267aba0d581/5f7352f18f387daa9a6d0fed_cover.jpg]
[assets.website-files.com/5e0f6cce946b1267aba0d581/5f958ac299671b10aea40c88_cover_takt1.jpg]
[assets.website-files.com/5e0f6cce946b1267aba0d581/5f7786b0bd4f8c1a98a8a8ed_cover.jpg]
[assets.website-files.com/5e0f6cce946b1267aba0d581/5f958ad02968140fde840c22_cover_watchbox.jpg]
[www.jaro.io/projects/sos-foods.html]
[assets.website-files.com/5e0f6cce946b126508a0d575/5f78c9d8a039fa1eba2a085f_stone_group_003.png]
[assets.website-files.com/5e0f6cce946b126508a0d575/5f78caef59d504c9cc7a6245_ipad_stones_001.png]
[assets.website-files.com/5e0f6cce946b126508a0d575/5f79833fb8dbcb7fe34738a0_stone_group_001.png]
[assets.website-files.com/5e0f6cce946b126508a0d575/5f798f7baa7a773e5430ac1d_mike_dark.png]
[assets.website-files.com/5e0f6cce946b126508a0d575/5f7b35a9540526696295266b_sticker.jpg]
[assets.website-files.com/5e0f6cce946b126508a0d575/5f7b1fa17731d53fa0c8d6f0_vinyl_001.jpg]
[assets.website-files.com/5e0f6cce946b126508a0d575/5f7b245930212b021349a203_vinyl_002.jpg]
[assets.website-files.com/5e0f6cce946b126508a0d575/5f79fcb6d2cf21654b09c433_cd_001.jpg]
[assets.website-files.com/5e0f6cce946b126508a0d575/5f7b2f4c3686ea54e5d593f2_cd_006.jpg]
[assets.website-files.com/5e0f6cce946b126508a0d575/5f7b2f6063db1debf4006b16_cd_008.jpg]
[assets.website-files.com/5e0f6cce946b126508a0d575/5f7ddd672c8d600ace3fbb32_together.jpg]
[assets.website-files.com/5e0f6cce946b126508a0d575/5f7de2ccea1e0ae1c86ccf69_kimboon.jpg]
[assets.website-files.com/5e0f6cce946b126508a0d575/5f7de2877956ae71c1d187c7_mike.jpg]
[www.jaro.io/projects/kayam.html]
[assets.website-files.com/5e0f6cce946b126508a0d575/5f2a7d4eed2004c92ef0706f_takt1_mirror_horn_c.jpg]
[assets.website-files.com/5e0f6cce946b126508a0d575/5f7a363ac3e02403c053b050_takt1_mirror_horn_e_bg4.jpg]
[assets.website-files.com/5e0f6cce946b126508a0d575/5f2a81c369ed9536eabcefb3_takt1_mirror_violin_h.jpg]
[assets.website-files.com/5e0f6cce946b126508a0d575/5f7a363aee879faff63cde0f_takt1_mirror_sax_a3.jpg]
[assets.website-files.com/5e0f6cce946b126508a0d575/5f2a7e43669e3178318a2410_takt1_mirror_sax_b.jpg]
[assets.website-files.com/5e0f6cce946b126508a0d575/5f7a363add4bf9efd45b626d_takt1_mirror_horn_f_bg3.jpg]
[assets.website-files.com/5e0f6cce946b126508a0d575/5f2a890314bd3895da6ab36d_takt1_mirror_cello_a.jpg]
[assets.website-files.com/5e0f6cce946b126508a0d575/5f2a8903687d5d62523cc0aa_takt1_mirror_woodwind_b.jpg]
[assets.website-files.com/5e0f6cce946b126508a0d575/5f2a89752192534abc88f26a_takt1_mirror_horn_e.jpg]
[assets.website-files.com/5e0f6cce946b126508a0d575/5f2a890294847309057f08ce_takt1_mirror_violin_g.jpg]
[assets.website-files.com/5e0f6cce946b126508a0d575/5f2d6991762c433eab1999dc_Icons_1.jpg]
[assets.website-files.com/5e0f6cce946b126508a0d575/5f2da71497cb7e70518e2164_Icons_2.jpg]
[assets.website-files.com/5e0f6cce946b126508a0d575/5f2daade7b72f2d2730a9128_takt1_home_extern_desk_001.jpg]
[www.jaro.io/projects/takt1.html]
[assets.website-files.com/5e0f6cce946b126508a0d575/5f2ee77d73220bb938cc516f_browser_a.jpg]
[assets.website-files.com/5e0f6cce946b126508a0d575/5f2ef7dfeb0dcbc2532a8648_mobile_d.jpg]
[assets.website-files.com/5e0f6cce946b126508a0d575/5f2ef76873220baaf8cc7680_mobile_b.jpg]
[assets.website-files.com/5e0f6cce946b126508a0d575/5f2ef7df01607c766d0466bd_mobile_a.jpg]
[assets.website-files.com/5e0f6cce946b126508a0d575/5f2ef7de3b89f9d3de34bdc3_mobile_c.jpg]
[assets.website-files.com/5e0f6cce946b126508a0d575/5f2fca239f29b71c418e8df1_mobile_f.jpg]
[assets.website-files.com/5e0f6cce946b126508a0d575/5f2ef7dfe806c6747548039e_mobile_e.jpg]
[assets.website-files.com/5e0f6cce946b126508a0d575/5f2eee4231574c8c525db0a2_browser_b.jpg]
[www.jaro.io/projects/lead.html]
[assets.website-files.com/5e0f6cce946b126508a0d575/5f3674c1d56efb6b07c8b908_milk_case_watchbox_eyes_b.jpg]
[assets.website-files.com/5e0f6cce946b126508a0d575/5f3674c097194f58f4b03221_milk_case_watchbox_eyes_c.jpg]
[assets.website-files.com/5e0f6cce946b126508a0d575/5f3674c0b2ae3fd49cd8595b_milk_case_watchbox_eyes_a.jpg]
[assets.website-files.com/5e0f6cce946b126508a0d575/5f3674c2b4462e9fab298284_milk_case_watchbox_eyes_d.jpg]
[assets.website-files.com/5e0f6cce946b126508a0d575/5f37f6a8dc915b693dc8c1e8_watchbox_parallax_d.jpg]
[assets.website-files.com/5e0f6cce946b126508a0d575/5f37f6a788d83de0218bacad_watchbox_parallax_b.jpg]
[assets.website-files.com/5e0f6cce946b126508a0d575/5f37f6a7bed43f1940ecb683_watchbox_parallax_a.jpg]
[assets.website-files.com/5e0f6cce946b126508a0d575/5f37f6a8e7bab808f6bc20d6_watchbox_parallax_c.jpg]
[assets.website-files.com/5e0f6cce946b126508a0d575/5f37f6a89a7823719d966789_watchbox_parallax_g.jpg]
[assets.website-files.com/5e0f6cce946b126508a0d575/5f37f6a8205767f4a07321e3_watchbox_parallax_e.jpg]
[assets.website-files.com/5e0f6cce946b126508a0d575/5f37f6a8e8f6c6d82a70c6a2_watchbox_parallax_f.jpg]
[assets.website-files.com/5e0f6cce946b126508a0d575/5f37f6a8bed43fc5cbecb684_watchbox_parallax_h.jpg]
[assets.website-files.com/5e0f6cce946b126508a0d575/5f2e93fb63b9d13fb279ecfd_milk_case_watchbox_screen_explore.jpg]
[assets.website-files.com/5e0f6cce946b126508a0d575/5f3671e05bcd92ab62f77092_mobile_c.jpg]
[assets.website-files.com/5e0f6cce946b126508a0d575/5f3671df22dcee414a885944_mobile_a.jpg]
[assets.website-files.com/5e0f6cce946b126508a0d575/5f3671e072cfa957724680fe_mobile_d.jpg]
[assets.website-files.com/5e0f6cce946b126508a0d575/5f3671e09bbed698eb55eebd_mobile_e.jpg]
[assets.website-files.com/5e0f6cce946b126508a0d575/5f3671dfb4462e1fa829740c_mobile_b.jpg]
[www.jaro.io/projects/watchbox.html]
[www.jaro.io/contact.html]
[www.jaro.io/projects.html]
[www.jaro.io/legal/site-info.html]
[www.jaro.io/legal/terms-conditions.html]
[assets.website-files.com/5e0f6cce946b126508a0d575/5f798f7b133859788b05b567_kimi_dark.png]
[assets.website-files.com/5e0f6cce946b126508a0d575/5f798f7baa7a773e5430ac1d_mike_dark.png]
[assets.website-files.com/5e0f6cce946b126508a0d575/5f9adfb9613d211a3a10a8e5_circles.png]
[assets.website-files.com/5e0f6cce946b126508a0d575/5f7866a63bad612b9aaedcb0_stones_small.jpg]
[www.jaro.io/projects/_https_/assets.website-files.com/5e0f6cce946b1267aba0d581/60b28a949d53e4231699bdfc_background.html]
[www.jaro.io/projects/_https_/assets.website-files.com/5e0f6cce946b1267aba0d581/5fd4efb00b24dfac67beb70b_background.html]
[www.jaro.io/projects/_https_/assets.website-files.com/5e0f6cce946b1267aba0d581/5fd4eedaeb97b72b7b5e7879_takt1_background.html]
[www.jaro.io/projects/_https_/assets.website-files.com/5e0f6cce946b1267aba0d581/5f7785fe1f42593463c78fe6_background_a.html]
[www.jaro.io/projects/_https_/assets.website-files.com/5e0f6cce946b1267aba0d581/5fd4ef500b94d0afc08a1a5b_watchbox_background_cut.html]
